<?xml version="1.0" encoding="UTF-8"?>
<!-- Generated by org.testng.reporters.JUnitXMLReporter -->
<testsuite ignored="3" hostname="LAPTOP-DF2A4GKM" failures="0" tests="1" name="Default test" time="14.844" errors="0" timestamp="2021-05-19T21:27:00 IST">
  <testcase classname="com.qa.crm.testcases.contactPageTest" name="verifyContactLabelTest" time="2.93"/>
  <testcase classname="com.qa.crm.testcases.contactPageTest" name="selectSingleContactTest" time="0.0">
    <ignored/>
  </testcase> <!-- selectSingleContactTest -->
  <testcase classname="com.qa.crm.testcases.contactPageTest" name="selectMultipleContactTest" time="0.0">
    <ignored/>
  </testcase> <!-- selectMultipleContactTest -->
  <testcase classname="com.qa.crm.testcases.contactPageTest" name="validateCreateNewContact" time="0.0">
    <ignored/>
  </testcase> <!-- validateCreateNewContact -->
</testsuite> <!-- Default test -->
