<?xml version="1.0" encoding="UTF-8"?>
<!-- Generated by org.testng.reporters.JUnitXMLReporter -->
<testsuite ignored="5" hostname="LAPTOP-DF2A4GKM" failures="0" tests="1" name="Default test" time="11.746" errors="0" timestamp="2021-06-06T19:53:35 IST">
  <testcase classname="com.qa.crm.testcases.contactPageTest" name="deleteAllContats" time="5.857"/>
  <testcase classname="com.qa.crm.testcases.contactPageTest" name="selectSingleContactTest" time="0.0">
    <ignored/>
  </testcase> <!-- selectSingleContactTest -->
  <testcase classname="com.qa.crm.testcases.contactPageTest" name="deleteContact" time="0.0">
    <ignored/>
  </testcase> <!-- deleteContact -->
  <testcase classname="com.qa.crm.testcases.contactPageTest" name="selectMultipleContactTest" time="0.0">
    <ignored/>
  </testcase> <!-- selectMultipleContactTest -->
  <testcase classname="com.qa.crm.testcases.contactPageTest" name="verifyContactLabelTest" time="0.0">
    <ignored/>
  </testcase> <!-- verifyContactLabelTest -->
  <testcase classname="com.qa.crm.testcases.contactPageTest" name="validateCreateNewContact" time="0.0">
    <ignored/>
  </testcase> <!-- validateCreateNewContact -->
</testsuite> <!-- Default test -->
