<?xml version="1.0" encoding="UTF-8"?>
<testng-results ignored="5" total="6" passed="1" failed="0" skipped="0">
  <reporter-output>
  </reporter-output>
  <suite started-at="2021-06-06T19:53:23 IST" name="Default suite" finished-at="2021-06-06T19:53:35 IST" duration-ms="11746">
    <groups>
    </groups>
    <test started-at="2021-06-06T19:53:23 IST" name="Default test" finished-at="2021-06-06T19:53:35 IST" duration-ms="11746">
      <class name="com.qa.crm.testcases.contactPageTest">
        <test-method is-config="true" signature="setup()[pri:0, instance:com.qa.crm.testcases.contactPageTest@7bab3f1a]" started-at="2021-06-06T19:53:23 IST" name="setup" finished-at="2021-06-06T19:53:29 IST" duration-ms="5203" status="PASS">
          <reporter-output>
          </reporter-output>
        </test-method> <!-- setup -->
        <test-method signature="deleteAllContats()[pri:6, instance:com.qa.crm.testcases.contactPageTest@7bab3f1a]" started-at="2021-06-06T19:53:29 IST" name="deleteAllContats" finished-at="2021-06-06T19:53:34 IST" duration-ms="5857" status="PASS">
          <reporter-output>
          </reporter-output>
        </test-method> <!-- deleteAllContats -->
        <test-method is-config="true" signature="tearDown()[pri:0, instance:com.qa.crm.testcases.contactPageTest@7bab3f1a]" started-at="2021-06-06T19:53:34 IST" name="tearDown" finished-at="2021-06-06T19:53:35 IST" duration-ms="624" status="PASS">
          <reporter-output>
          </reporter-output>
        </test-method> <!-- tearDown -->
      </class> <!-- com.qa.crm.testcases.contactPageTest -->
    </test> <!-- Default test -->
  </suite> <!-- Default suite -->
</testng-results>
