<?xml version="1.0" encoding="UTF-8"?>
<testng-results ignored="3" total="4" passed="1" failed="0" skipped="0">
  <reporter-output>
  </reporter-output>
  <suite started-at="2021-05-19T21:26:45 IST" name="Default suite" finished-at="2021-05-19T21:27:00 IST" duration-ms="14844">
    <groups>
    </groups>
    <test started-at="2021-05-19T21:26:45 IST" name="Default test" finished-at="2021-05-19T21:27:00 IST" duration-ms="14844">
      <class name="com.qa.crm.testcases.contactPageTest">
        <test-method is-config="true" signature="setup()[pri:0, instance:com.qa.crm.testcases.contactPageTest@66f57048]" started-at="2021-05-19T21:26:45 IST" name="setup" finished-at="2021-05-19T21:26:56 IST" duration-ms="11190" status="PASS">
          <reporter-output>
          </reporter-output>
        </test-method> <!-- setup -->
        <test-method signature="verifyContactLabelTest()[pri:1, instance:com.qa.crm.testcases.contactPageTest@66f57048]" started-at="2021-05-19T21:26:56 IST" name="verifyContactLabelTest" finished-at="2021-05-19T21:26:59 IST" duration-ms="2930" status="PASS">
          <reporter-output>
          </reporter-output>
        </test-method> <!-- verifyContactLabelTest -->
        <test-method is-config="true" signature="tearDown()[pri:0, instance:com.qa.crm.testcases.contactPageTest@66f57048]" started-at="2021-05-19T21:26:59 IST" name="tearDown" finished-at="2021-05-19T21:27:00 IST" duration-ms="664" status="PASS">
          <reporter-output>
          </reporter-output>
        </test-method> <!-- tearDown -->
      </class> <!-- com.qa.crm.testcases.contactPageTest -->
    </test> <!-- Default test -->
  </suite> <!-- Default suite -->
</testng-results>
